Compilation of the Fortran compiler identification source "CMakeFortranCompilerId.F" did not produce an executable in "/Users/manav/Documents/codes/inhouse/mast/mast_master/build/xcode/CMakeFiles/3.12.2/CompilerIdFortran".

Compilation of the Fortran compiler identification source "CMakeFortranCompilerId.F" did not produce an executable in "/Users/manav/Documents/codes/inhouse/mast/mast_master/build/xcode/CMakeFiles/3.12.2/CompilerIdFortran".

Checking whether the Fortran compiler is Compaq using "-what" did not match "Compaq Visual Fortran":
gfortran-mp-7: error: unrecognized command line option '-what'; did you mean '-gnat'?
gfortran-mp-7: fatal error: no input files
compilation terminated.
Checking whether the Fortran compiler is NAG using "-V" did not match "NAG Fortran Compiler":
gfortran-mp-7: error: unrecognized command line option '-V'
gfortran-mp-7: fatal error: no input files
compilation terminated.
Checking whether the Fortran compiler is Compaq using "-what" did not match "Compaq Visual Fortran":
gfortran-mp-7: error: unrecognized command line option '-what'; did you mean '-gnat'?
gfortran-mp-7: fatal error: no input files
compilation terminated.
Checking whether the Fortran compiler is NAG using "-V" did not match "NAG Fortran Compiler":
gfortran-mp-7: error: unrecognized command line option '-V'
gfortran-mp-7: fatal error: no input files
compilation terminated.
Detecting Fortran compiler ABI info failed to compile with the following output:
Change Dir: /Users/manav/Documents/codes/inhouse/mast/mast_master/build/xcode/CMakeFiles/CMakeTmp

Run Build Command:"/usr/bin/xcodebuild" "-project" "CMAKE_TRY_COMPILE.xcodeproj" "build" "-target" "cmTC_2d08c" "-configuration" "Debug"
Prepare build
note: Using legacy build system

=== BUILD TARGET cmTC_2d08c OF PROJECT CMAKE_TRY_COMPILE WITH CONFIGURATION Debug ===

Check dependencies
warning: no rule to process file '/opt/local/share/cmake-3.12/Modules/CMakeFortranCompilerABI.F' of type sourcecode.fortran.f90 for architecture x86_64

** BUILD SUCCEEDED **


Cannot copy output executable
  ''
to destination specified by COPY_FILE:
  '/Users/manav/Documents/codes/inhouse/mast/mast_master/build/xcode/CMakeFiles/3.12.2/CMakeDetermineCompilerABI_Fortran.bin'
Unable to find the executable at any of:
  /Users/manav/Documents/codes/inhouse/mast/mast_master/build/xcode/CMakeFiles/CMakeTmp/cmTC_2d08c
  /Users/manav/Documents/codes/inhouse/mast/mast_master/build/xcode/CMakeFiles/CMakeTmp/Debug/cmTC_2d08c
  /Users/manav/Documents/codes/inhouse/mast/mast_master/build/xcode/CMakeFiles/CMakeTmp/Debug/cmTC_2d08c.app/cmTC_2d08c
  /Users/manav/Documents/codes/inhouse/mast/mast_master/build/xcode/CMakeFiles/CMakeTmp/Development/cmTC_2d08c


